TN:
SF:src/createClient.ts
FN:29,(anonymous_0)
FN:31,(anonymous_1)
FN:31,(anonymous_2)
FN:32,(anonymous_3)
FN:35,(anonymous_4)
FN:47,(anonymous_5)
FN:53,(anonymous_6)
FN:58,(anonymous_7)
FN:67,(anonymous_8)
FN:81,(anonymous_9)
FN:83,(anonymous_10)
FN:85,(anonymous_11)
FN:87,(anonymous_12)
FNF:13
FNH:11
FNDA:3,(anonymous_0)
FNDA:3,(anonymous_1)
FNDA:3,(anonymous_2)
FNDA:0,(anonymous_3)
FNDA:3,(anonymous_4)
FNDA:3,(anonymous_5)
FNDA:3,(anonymous_6)
FNDA:4,(anonymous_7)
FNDA:3,(anonymous_8)
FNDA:0,(anonymous_9)
FNDA:1,(anonymous_10)
FNDA:1,(anonymous_11)
FNDA:1,(anonymous_12)
DA:4,1
DA:6,1
DA:7,1
DA:11,1
DA:13,1
DA:14,1
DA:16,1
DA:29,1
DA:30,3
DA:31,3
DA:32,0
DA:35,1
DA:46,3
DA:48,3
DA:53,3
DA:58,1
DA:67,4
DA:71,3
DA:72,3
DA:73,3
DA:80,4
DA:82,0
DA:84,1
DA:86,1
DA:88,1
LF:25
LH:23
BRDA:48,0,0,3
BRDA:48,0,1,0
BRDA:71,1,0,3
BRDA:71,1,1,3
BRDA:71,2,0,3
BRDA:71,2,1,0
BRDA:71,3,0,3
BRDA:71,3,1,3
BRDA:72,4,0,2
BRDA:72,4,1,1
BRF:10
BRH:8
end_of_record
TN:
SF:src/headers.ts
FN:1,(anonymous_0)
FNF:1
FNH:1
FNDA:4,(anonymous_0)
DA:1,4
LF:1
LH:1
BRF:0
BRH:0
end_of_record
TN:
SF:src/testdata/mocks.ts
FN:4,(anonymous_0)
FN:5,(anonymous_1)
FN:8,(anonymous_2)
FN:29,(anonymous_3)
FN:30,(anonymous_4)
FN:33,(anonymous_5)
FNF:6
FNH:6
FNDA:2,(anonymous_0)
FNDA:2,(anonymous_1)
FNDA:2,(anonymous_2)
FNDA:1,(anonymous_3)
FNDA:1,(anonymous_4)
FNDA:1,(anonymous_5)
DA:1,1
DA:2,1
DA:4,1
DA:5,2
DA:6,2
DA:8,2
DA:24,1
DA:29,1
DA:30,1
DA:31,1
DA:33,1
LF:11
LH:11
BRF:0
BRH:0
end_of_record
TN:
SF:src/transformer/parseDateFields.ts
FN:3,(anonymous_0)
FN:8,(anonymous_1)
FNF:2
FNH:2
FNDA:4,(anonymous_0)
FNDA:34,(anonymous_1)
DA:3,2
DA:7,4
DA:8,34
LF:3
LH:3
BRDA:10,0,0,19
BRDA:10,0,1,15
BRF:2
BRH:2
end_of_record
TN:
SF:src/transformer/transform.ts
FN:27,(anonymous_0)
FN:31,(anonymous_1)
FN:37,(anonymous_2)
FN:40,(anonymous_3)
FN:44,(anonymous_4)
FN:44,(anonymous_5)
FN:60,(anonymous_6)
FN:60,(anonymous_7)
FNF:8
FNH:8
FNDA:10,(anonymous_0)
FNDA:4,(anonymous_1)
FNDA:4,(anonymous_2)
FNDA:4,(anonymous_3)
FNDA:2,(anonymous_4)
FNDA:2,(anonymous_5)
FNDA:4,(anonymous_6)
FNDA:4,(anonymous_7)
DA:1,2
DA:16,2
DA:18,2
DA:27,2
DA:29,10
DA:31,2
DA:32,4
DA:33,0
DA:34,0
DA:37,2
DA:38,4
DA:40,2
DA:42,4
DA:44,2
DA:47,2
DA:48,0
DA:50,2
DA:51,2
DA:52,2
DA:54,0
DA:55,0
DA:56,0
DA:60,4
DA:63,4
DA:64,0
DA:66,4
DA:67,0
DA:71,4
DA:72,4
DA:74,0
DA:75,0
DA:76,0
LF:32
LH:21
BRDA:32,0,0,4
BRDA:32,0,1,0
BRDA:47,1,0,0
BRDA:47,1,1,2
BRDA:50,2,0,0
BRDA:50,2,1,2
BRDA:63,3,0,0
BRDA:63,3,1,4
BRDA:66,4,0,0
BRDA:66,4,1,4
BRF:10
BRH:5
end_of_record
TN:
SF:src/types/Address.ts
FN:63,(anonymous_0)
FNF:1
FNH:1
FNDA:2,(anonymous_0)
DA:2,2
DA:4,2
DA:63,2
LF:3
LH:3
BRF:0
BRH:0
end_of_record
TN:
SF:src/types/Airport.ts
FN:28,(anonymous_0)
FNF:1
FNH:1
FNDA:2,(anonymous_0)
DA:1,2
DA:4,2
DA:28,2
LF:3
LH:3
BRF:0
BRH:0
end_of_record
TN:
SF:src/types/ApiCollectionRef.ts
FN:25,(anonymous_0)
FNF:1
FNH:1
FNDA:12,(anonymous_0)
DA:1,2
DA:25,2
DA:26,12
LF:3
LH:3
BRDA:26,0,0,0
BRDA:26,0,1,12
BRDA:26,1,0,12
BRDA:26,1,1,12
BRF:4
BRH:3
end_of_record
TN:
SF:src/types/ApiError.ts
FN:27,(anonymous_0)
FNF:1
FNH:0
FNDA:0,(anonymous_0)
DA:1,2
DA:27,2
LF:2
LH:2
BRF:0
BRH:0
end_of_record
TN:
SF:src/types/ApiObjectRef.ts
FN:30,(anonymous_0)
FNF:1
FNH:1
FNDA:4,(anonymous_0)
DA:1,2
DA:30,2
DA:31,4
LF:3
LH:3
BRDA:31,0,0,0
BRDA:31,0,1,4
BRDA:31,1,0,4
BRDA:31,1,1,4
BRF:4
BRH:3
end_of_record
TN:
SF:src/types/ApiResponseObject.ts
FNF:0
FNH:0
DA:4,2
LF:1
LH:1
BRF:0
BRH:0
end_of_record
TN:
SF:src/types/Booking.ts
FNF:0
FNH:0
DA:3,2
LF:1
LH:1
BRF:0
BRH:0
end_of_record
TN:
SF:src/types/CommercialInvoice.ts
FNF:0
FNH:0
DA:3,2
LF:1
LH:1
BRF:0
BRH:0
end_of_record
TN:
SF:src/types/CustomsEntry.ts
FNF:0
FNH:0
DA:3,2
LF:1
LH:1
BRF:0
BRH:0
end_of_record
TN:
SF:src/types/Document.ts
FNF:0
FNH:0
DA:3,2
LF:1
LH:1
BRF:0
BRH:0
end_of_record
TN:
SF:src/types/Link.ts
FN:15,(anonymous_0)
FN:18,(anonymous_1)
FN:24,(anonymous_2)
FN:27,(anonymous_3)
FN:29,(anonymous_4)
FN:32,(anonymous_5)
FNF:6
FNH:6
FNDA:13,(anonymous_0)
FNDA:1,(anonymous_1)
FNDA:5,(anonymous_2)
FNDA:1,(anonymous_3)
FNDA:12,(anonymous_4)
FNDA:4,(anonymous_5)
DA:6,2
DA:7,2
DA:9,2
DA:15,2
DA:18,13
DA:24,2
DA:27,5
DA:29,2
DA:30,12
DA:32,2
DA:33,4
LF:11
LH:11
BRDA:30,0,0,12
BRDA:30,0,1,0
BRDA:33,1,0,4
BRDA:33,1,1,0
BRF:4
BRH:2
end_of_record
TN:
SF:src/types/Page.ts
FN:40,(anonymous_0)
FN:45,(anonymous_1)
FN:46,(anonymous_2)
FN:48,(anonymous_3)
FNF:4
FNH:4
FNDA:4,(anonymous_0)
FNDA:2,(anonymous_1)
FNDA:2,(anonymous_2)
FNDA:2,(anonymous_3)
DA:2,2
DA:5,2
DA:8,2
DA:40,2
DA:43,4
DA:44,4
DA:45,2
DA:46,4
DA:47,4
DA:48,4
DA:49,4
LF:11
LH:11
BRDA:45,0,0,2
BRDA:45,0,1,2
BRDA:44,1,0,4
BRDA:44,1,1,4
BRDA:45,2,0,2
BRDA:45,2,1,2
BRDA:44,3,0,4
BRDA:44,3,1,2
BRDA:47,4,0,0
BRDA:47,4,1,4
BRDA:48,5,0,2
BRDA:48,5,1,2
BRF:12
BRH:11
end_of_record
TN:
SF:src/types/Place.ts
FN:36,(anonymous_0)
FN:43,(anonymous_1)
FN:59,(anonymous_2)
FN:65,(anonymous_3)
FNF:4
FNH:4
FNDA:2,(anonymous_0)
FNDA:8,(anonymous_1)
FNDA:8,(anonymous_2)
FNDA:8,(anonymous_3)
DA:1,2
DA:2,2
DA:3,2
DA:4,2
DA:5,2
DA:6,2
DA:10,2
DA:36,2
DA:39,2
DA:40,2
DA:42,2
DA:44,8
DA:46,2
DA:48,2
DA:50,2
DA:52,2
DA:54,0
DA:59,8
DA:60,2
DA:62,2
DA:65,8
LF:21
LH:20
BRDA:40,0,0,0
BRDA:40,0,1,2
BRDA:45,1,0,2
BRDA:45,1,1,2
BRDA:45,1,2,2
BRDA:45,1,3,2
BRDA:45,1,4,0
BRDA:60,2,0,0
BRDA:60,2,1,2
BRF:9
BRH:6
end_of_record
TN:
SF:src/types/Railport.ts
FN:18,(anonymous_0)
FNF:1
FNH:1
FNDA:2,(anonymous_0)
DA:1,2
DA:4,2
DA:18,2
LF:3
LH:3
BRF:0
BRH:0
end_of_record
TN:
SF:src/types/Roadport.ts
FN:18,(anonymous_0)
FNF:1
FNH:1
FNDA:2,(anonymous_0)
DA:1,2
DA:4,2
DA:18,2
LF:3
LH:3
BRF:0
BRH:0
end_of_record
TN:
SF:src/types/Seaport.ts
FN:18,(anonymous_0)
FNF:1
FNH:1
FNDA:2,(anonymous_0)
DA:1,2
DA:4,2
DA:18,2
LF:3
LH:3
BRF:0
BRH:0
end_of_record
TN:
SF:src/types/Shipment.ts
FN:130,(anonymous_0)
FNF:1
FNH:1
FNDA:3,(anonymous_0)
DA:3,2
DA:4,2
DA:16,2
DA:18,2
DA:117,2
DA:130,2
DA:133,3
LF:7
LH:7
BRF:0
BRH:0
end_of_record
TN:
SF:src/types/ShipmentLeg.ts
FN:69,(anonymous_0)
FNF:1
FNH:1
FNDA:1,(anonymous_0)
DA:2,2
DA:3,2
DA:4,2
DA:6,2
DA:7,2
DA:8,2
DA:10,2
DA:62,2
DA:69,2
DA:72,1
DA:73,1
DA:74,1
DA:75,1
DA:76,1
DA:77,1
DA:78,1
LF:16
LH:16
BRDA:74,0,0,0
BRDA:74,0,1,1
BRDA:75,1,0,0
BRDA:75,1,1,1
BRDA:77,2,0,0
BRDA:77,2,1,1
BRF:6
BRH:3
end_of_record
TN:
SF:src/types/ShipmentNode.ts
FN:31,(anonymous_0)
FNF:1
FNH:1
FNDA:2,(anonymous_0)
DA:1,2
DA:2,2
DA:5,2
DA:7,2
DA:31,2
DA:34,2
DA:36,2
DA:39,2
DA:40,0
DA:41,0
DA:44,2
LF:11
LH:9
BRDA:36,0,0,0
BRDA:36,0,1,2
BRDA:39,1,0,0
BRDA:39,1,1,2
BRDA:41,2,0,0
BRDA:41,2,1,0
BRDA:47,3,0,2
BRDA:47,3,1,0
BRDA:47,4,0,2
BRDA:47,4,1,2
BRF:10
BRH:5
end_of_record
TN:
SF:src/types/Terminal.ts
FN:25,(anonymous_0)
FNF:1
FNH:0
FNDA:0,(anonymous_0)
DA:1,2
DA:4,2
DA:6,2
DA:25,2
DA:28,0
DA:29,0
DA:31,0
LF:7
LH:4
BRDA:29,0,0,0
BRDA:29,0,1,0
BRF:2
BRH:0
end_of_record
TN:
SF:src/types/index.ts
FNF:0
FNH:0
DA:1,2
DA:2,2
DA:4,2
DA:5,2
DA:6,2
DA:7,2
DA:8,2
DA:9,2
DA:10,2
DA:11,2
DA:12,2
DA:13,2
LF:12
LH:12
BRF:0
BRH:0
end_of_record
